* Li Zhaoyuan:changed header guard for some header files
* Li Zhaoyuan:made weapon take half damage in the definition instead.
* Li Zhaoyuan:made dweller take damage, radiation, use stimpak and use radaway only when it's alive and removed comments
* Li Zhaoyuan:made weapons take in half the damage
* Li Zhaoyuan:made stimpak usable at 100 health and made sure receiveRadDamage's health decrease by the total radiation.
* Li Zhaoyuan:Added radiation increment
* Li Zhaoyuan:i thk i finished the assignment :D, redid the getSPECIAL()
* Li Zhaoyuan:solving problem where outfit_ == 0
* Li Zhaoyuan:did getSpecial function
* Li Zhaoyuan:trying to finsh the assignment , having errors
* Li Zhaoyuan:editing cpp files
* Li Zhaoyuan:added the functions to the cpp files
* Li Zhaoyuan:initializing vec2d
* Li Zhaoyuan:added class member for Dweller and add inheritance to Weapon.h
* Li Zhaoyuan:Added class members for Item.h, Outfit.h, Vec2D.h, Weapon.h, GameObject.h
* Li Zhaoyuan:no message
* Li Zhaoyuan:Solving some linking issue
* Li Zhaoyuan:trying out
*   Li Zhaoyuan:Merge branch 'master' of https://github.com/Li-Zhaoyuan/DS_Assignment1_LiZhaoyuan
|\  
| * Li Zhaoyuan:Update README.md
* | Li Zhaoyuan:no message
|/  
* Li Zhaoyuan:no message
* Li Zhaoyuan:test
* Li Zhaoyuan:initial
* Li Zhaoyuan:Initial commit